<?xml version="1.0" encoding="UTF-8"?>
<!-- Generated by org.testng.reporters.JUnitXMLReporter -->
<testsuite hostname="m" ignored="0" name="Test1" tests="5" failures="0" timestamp="29 Sep 2017 05:20:39 GMT" time="89.477" errors="0">
  <testcase name="endUserRegistration" time="0.019" classname="com.exalogic.myvilla.test.EndUserRegistration">
    <skipped/>
  </testcase> <!-- endUserRegistration -->
  <testcase name="logintest" time="0.009" classname="com.exalogic.myvilla.test.LoginToApplication">
    <skipped/>
  </testcase> <!-- logintest -->
  <testcase name="clientRegistration" time="0.007" classname="com.exalogic.myvilla.test.AgentRegistration">
    <skipped/>
  </testcase> <!-- clientRegistration -->
  <testcase name="loginScenario" time="43.41" classname="com.exalogic.myvilla.test.DataProviderLogin"/>
  <testcase name="loginScenario" time="43.021" classname="com.exalogic.myvilla.test.DataProviderLogin"/>
</testsuite> <!-- Test1 -->
